<?xml version="1.0" encoding="utf-8"?><testsuite errors="0" failures="0" name="pytest" skipped="2" tests="8" time="0.856"><testcase classname="setup" file="setup.py" line="-1" name="FLAKE8" time="0.001"><skipped message="file(s) previously passed FLAKE8 checks" type="pytest.skip">/Users/dalonsoa/Documents/Projects/PYTHON-GUIS/venv/lib/python3.7/site-packages/pytest_flake8.py:106: file(s) previously passed FLAKE8 checks</skipped></testcase><testcase classname="" file="setup.py" name="setup" time="0.194"></testcase><testcase classname="python_guis.__init__" file="python_guis/__init__.py" line="-1" name="FLAKE8" time="0.001"><skipped message="file(s) previously passed FLAKE8 checks" type="pytest.skip">/Users/dalonsoa/Documents/Projects/PYTHON-GUIS/venv/lib/python3.7/site-packages/pytest_flake8.py:106: file(s) previously passed FLAKE8 checks</skipped></testcase><testcase classname="" file="python_guis/__init__.py" name="python_guis.__init__" time="0.044"></testcase><testcase classname="python_guis.gui_tkinter" file="python_guis/gui_tkinter.py" line="-1" name="FLAKE8" time="0.237"></testcase><testcase classname="" file="python_guis/gui_tkinter.py" name="python_guis.gui_tkinter" time="0.217"></testcase><testcase classname="python_guis.model" file="python_guis/model.py" line="-1" name="FLAKE8" time="0.066"></testcase><testcase classname="" file="python_guis/model.py" name="python_guis.model" time="0.042"></testcase></testsuite>